<?xml version='1.0' encoding='UTF-8'?>
<testsuite hostname="DESKTOP-L7SKFQ3" name="recfun.getCSuite" tests="3" errors="0" failures="0" skipped="0" time="0.012" timestamp="2021-12-22T09:09:00">
          <properties>
      <property name="java.specification.version" value="17"/><property name="sun.cpu.isalist" value="amd64"/><property name="sun.jnu.encoding" value="Cp1251"/><property name="sun.arch.data.model" value="64"/><property name="sbt.supershell" value="false"/><property name="java.vendor.url" value="https://java.oracle.com/"/><property name="sun.boot.library.path" value="C:\Program Files\Java\jdk-17.0.1\bin"/><property name="sun.java.command" value="C:\Users\nikit\AppData\Roaming\JetBrains\IntelliJIdea2021.3\plugins\Scala\launcher\sbt-launch.jar early(addPluginSbtFile=&quot;&quot;&quot;C:\Users\nikit\AppData\Local\Temp\idea.sbt&quot;&quot;&quot;) ; set ideaPort in Global := 64411 ; idea-shell"/><property name="jdk.debug" value="release"/><property name="sun.stderr.encoding" value="cp866"/><property name="java.specification.vendor" value="Oracle Corporation"/><property name="java.version.date" value="2021-10-19"/><property name="java.home" value="C:\Program Files\Java\jdk-17.0.1"/><property name="file.separator" value="\"/><property name="java.vm.compressedOopsMode" value="32-bit"/><property name="line.separator" value="
"/><property name="sun.stdout.encoding" value="cp866"/><property name="java.vm.specification.vendor" value="Oracle Corporation"/><property name="java.specification.name" value="Java Platform API Specification"/><property name="idea.installation.dir" value="C:\Program Files\JetBrains\IntelliJ IDEA 2021.3"/><property name="user.script" value=""/><property name="sun.management.compiler" value="HotSpot 64-Bit Tiered Compilers"/><property name="java.runtime.version" value="17.0.1+12-LTS-39"/><property name="user.name" value="nikit"/><property name="log4j.ignoreTCL" value="true"/><property name="file.encoding" value="UTF-8"/><property name="jnidispatch.path" value="C:\Users\nikit\AppData\Local\Temp\jna-104821563\jna12325252122370726551.dll"/><property name="jna.loaded" value="true"/><property name="java.io.tmpdir" value="C:\Users\nikit\AppData\Local\Temp\"/><property name="java.version" value="17.0.1"/><property name="java.vm.specification.name" value="Java Virtual Machine Specification"/><property name="sun.os.patch.level" value=""/><property name="native.encoding" value="Cp1251"/><property name="java.library.path" value="C:\Program Files\Java\jdk-17.0.1\bin;C:\Windows\Sun\Java\bin;C:\Windows\system32;C:\Windows;C:\Program Files\Common Files\Oracle\Java\javapath;C:\Program Files (x86)\Microsoft SDKs\Azure\CLI2\wbin;C:\Program Files (x86)\Common Files\Oracle\Java\javapath;C:\Windows\system32;C:\Windows;C:\Windows\System32\Wbem;C:\Windows\System32\WindowsPowerShell\v1.0\;C:\Windows\System32\OpenSSH\;C:\Program Files\NVIDIA Corporation\NVIDIA NvDLISR;C:\sqlite;C:\Program Files\Microsoft SQL Server\130\Tools\Binn\;C:\Program Files (x86)\NVIDIA Corporation\PhysX\Common;C:\masm32\bin;C:\masm32;C:\sqlite3;C:\Program Files\dotnet\;C:\Program Files (x86)\dotnet\;C:\Program Files\Go\bin;C:\Program Files\PostgreSQL\13\bin\;C:\Program Files\Git\cmd;C:\Program Files\Kubernetes\Minikube;C:\Program Files\nodejs\;C:\Program Files\kubectl;C:\Program Files\Docker\Docker\resources\bin;C:\ProgramData\DockerDesktop\version-bin;C:\Program Files\Kubernetes\istio-1.12.1\bin;C:\Users\nikit\istio-1.12.1\bin;C:\Users\nikit\kafka-3.0.0-src\bin;C:\ProgramData\chocolatey\bin;C:\Users\nikit\jq;C:\Users\nikit\scoop\shims;C:\Users\nikit\AppData\Local\Microsoft\WindowsApps;C:\Users\nikit\AppData\Local\Programs\Microsoft VS Code\bin;C:\altera\13.0sp1\modelsim_ase\win32aloem;C:\Program Files\nodejs;C:\masm32\bin;C:\Users\nikit\.dotnet\tools;C:\Users\nikit\go\bin;C:\Program Files\PostgreSQL\13\bin\psql.exe;C:\Users\nikit\AppData\Roaming\npm;C:\Program Files\kubectl;;C:\Program Files\JetBrains\IntelliJ IDEA 2021.3\bin;;."/><property name="java.vendor" value="Oracle Corporation"/><property name="sun.io.unicode.encoding" value="UnicodeLittle"/><property name="java.class.path" value="C:\Users\nikit\AppData\Roaming\JetBrains\IntelliJIdea2021.3\plugins\Scala\launcher\sbt-launch.jar"/><property name="java.vm.vendor" value="Oracle Corporation"/><property name="user.variant" value=""/><property name="jline.shutdownhook" value="false"/><property name="user.timezone" value="Europe/Kiev"/><property name="java.vm.specification.version" value="17"/><property name="os.name" value="Windows 10"/><property name="sun.java.launcher" value="SUN_STANDARD"/><property name="user.country" value="RU"/><property name="sun.cpu.endian" value="little"/><property name="user.home" value="C:\Users\nikit"/><property name="user.language" value="ru"/><property name="sbt.version" value="1.5.7"/><property name="swoval.tmpdir" value="C:\Users\nikit\.sbt\1.0"/><property name="jline.esc.timeout" value="0"/><property name="path.separator" value=";"/><property name="os.version" value="10.0"/><property name="jna.nosys" value="true"/><property name="java.runtime.name" value="Java(TM) SE Runtime Environment"/><property name="sbt.log.noformat" value="true"/><property name="java.vm.name" value="Java HotSpot(TM) 64-Bit Server VM"/><property name="java.vendor.url.bug" value="https://bugreport.java.com/bugreport/"/><property name="user.dir" value="E:\work\scala\lab_recursion"/><property name="os.arch" value="amd64"/><property name="idea.managed" value="true"/><property name="java.vm.info" value="mixed mode, sharing"/><property name="java.vm.version" value="17.0.1+12-LTS-39"/><property name="java.class.version" value="61.0"/>
    </properties>
          <testcase classname="recfun.getCSuite" name="getC: out of D(f)" time="0.012">
                      
                    </testcase><testcase classname="recfun.getCSuite" name="getC: from 1 to 2" time="0.0">
                      
                    </testcase><testcase classname="recfun.getCSuite" name="getC: &gt;2" time="0.0">
                      
                    </testcase>
          <system-out><![CDATA[]]></system-out>
          <system-err><![CDATA[]]></system-err>
        </testsuite>